  [1m[36m (5.7ms)[0m  [1mCREATE TABLE "schema_migrations" ("version" varchar NOT NULL) [0m
  [1m[35m (0.1ms)[0m  select sqlite_version(*)
  [1m[36m (4.5ms)[0m  [1mCREATE UNIQUE INDEX "unique_schema_migrations" ON "schema_migrations" ("version")[0m
  [1m[35mActiveRecord::SchemaMigration Load (0.1ms)[0m  SELECT "schema_migrations".* FROM "schema_migrations"
Migrating to CreateMovies (20111119180638)
  [1m[36m (0.0ms)[0m  [1mbegin transaction[0m
DEPRECATION WARNING: `#timestamps` was called without specifying an option for `null`. In Rails 5, this behavior will change to `null: false`. You should manually specify `null: true` to prevent the behavior of your existing migrations from changing. (called from block in up at /home/ec2-user/environment/hw-acceptance-unit-test-cycle/rottenpotatoes/db/migrate/20111119180638_create_movies.rb:10)
  [1m[35m (0.3ms)[0m  CREATE TABLE "movies" ("id" INTEGER PRIMARY KEY AUTOINCREMENT NOT NULL, "title" varchar, "rating" varchar, "description" text, "release_date" datetime, "created_at" datetime, "updated_at" datetime) 
  [1m[36mSQL (0.1ms)[0m  [1mINSERT INTO "schema_migrations" ("version") VALUES (?)[0m  [["version", "20111119180638"]]
  [1m[35m (4.4ms)[0m  commit transaction
  [1m[36mActiveRecord::SchemaMigration Load (0.1ms)[0m  [1mSELECT "schema_migrations".* FROM "schema_migrations"[0m
  [1m[36m (5.7ms)[0m  [1mCREATE TABLE "movies" ("id" INTEGER PRIMARY KEY AUTOINCREMENT NOT NULL, "title" varchar, "rating" varchar, "description" text, "release_date" datetime, "created_at" datetime, "updated_at" datetime) [0m
  [1m[35m (4.5ms)[0m  CREATE TABLE "schema_migrations" ("version" varchar NOT NULL) 
  [1m[36m (0.1ms)[0m  [1mselect sqlite_version(*)[0m
  [1m[35m (4.4ms)[0m  CREATE UNIQUE INDEX "unique_schema_migrations" ON "schema_migrations" ("version")
  [1m[36m (0.1ms)[0m  [1mSELECT version FROM "schema_migrations"[0m
  [1m[35m (5.6ms)[0m  INSERT INTO "schema_migrations" (version) VALUES ('20111119180638')
  [1m[36mActiveRecord::SchemaMigration Load (0.1ms)[0m  [1mSELECT "schema_migrations".* FROM "schema_migrations"[0m
Migrating to AddDirectorToMovies (20200310232834)
  [1m[35m (0.0ms)[0m  begin transaction
  [1m[36mSQL (0.2ms)[0m  [1mINSERT INTO "schema_migrations" ("version") VALUES (?)[0m  [["version", "20200310232834"]]
  [1m[35m (5.4ms)[0m  commit transaction
  [1m[36mActiveRecord::SchemaMigration Load (0.1ms)[0m  [1mSELECT "schema_migrations".* FROM "schema_migrations"[0m
  [1m[36mActiveRecord::SchemaMigration Load (0.1ms)[0m  [1mSELECT "schema_migrations".* FROM "schema_migrations"[0m
  [1m[35mActiveRecord::SchemaMigration Load (0.1ms)[0m  SELECT "schema_migrations".* FROM "schema_migrations"
  [1m[36m (5.6ms)[0m  [1mCREATE TABLE "movies" ("id" INTEGER PRIMARY KEY AUTOINCREMENT NOT NULL, "title" varchar, "rating" varchar, "description" text, "release_date" datetime, "created_at" datetime, "updated_at" datetime) [0m
  [1m[35m (4.7ms)[0m  CREATE TABLE "schema_migrations" ("version" varchar NOT NULL) 
  [1m[36m (0.1ms)[0m  [1mselect sqlite_version(*)[0m
  [1m[35m (5.4ms)[0m  CREATE UNIQUE INDEX "unique_schema_migrations" ON "schema_migrations" ("version")
  [1m[36m (0.1ms)[0m  [1mSELECT version FROM "schema_migrations"[0m
  [1m[35m (5.3ms)[0m  INSERT INTO "schema_migrations" (version) VALUES ('20200310232834')
  [1m[36m (4.0ms)[0m  [1mINSERT INTO "schema_migrations" (version) VALUES ('20111119180638')[0m
  [1m[36mActiveRecord::SchemaMigration Load (0.1ms)[0m  [1mSELECT "schema_migrations".* FROM "schema_migrations"[0m
  [1m[35mActiveRecord::SchemaMigration Load (0.1ms)[0m  SELECT "schema_migrations".* FROM "schema_migrations"
  [1m[36m (6.0ms)[0m  [1mCREATE TABLE "movies" ("id" INTEGER PRIMARY KEY AUTOINCREMENT NOT NULL, "title" varchar, "rating" varchar, "description" text, "release_date" datetime, "created_at" datetime, "updated_at" datetime) [0m
  [1m[35m (5.2ms)[0m  CREATE TABLE "schema_migrations" ("version" varchar NOT NULL) 
  [1m[36m (0.1ms)[0m  [1mselect sqlite_version(*)[0m
  [1m[35m (7.1ms)[0m  CREATE UNIQUE INDEX "unique_schema_migrations" ON "schema_migrations" ("version")
  [1m[36m (0.1ms)[0m  [1mSELECT version FROM "schema_migrations"[0m
  [1m[35m (5.8ms)[0m  INSERT INTO "schema_migrations" (version) VALUES ('20200310232834')
  [1m[36m (4.4ms)[0m  [1mINSERT INTO "schema_migrations" (version) VALUES ('20111119180638')[0m


Started GET "/" for 173.219.167.170 at 2020-03-10 23:55:08 +0000


Started GET "/movies" for 173.219.167.170 at 2020-03-10 23:55:08 +0000
Processing by MoviesController#index as HTML
  [1m[36mMovie Load (0.1ms)[0m  [1mSELECT "movies".* FROM "movies" WHERE "movies"."rating" IN ('G', 'PG', 'PG-13', 'NC-17', 'R')[0m
  Rendered movies/index.html.haml within layouts/application (22.9ms)
Completed 200 OK in 315ms (Views: 283.4ms | ActiveRecord: 2.2ms)


Started GET "/movies/new" for 173.219.167.170 at 2020-03-10 23:55:19 +0000
Processing by MoviesController#new as HTML
  Rendered movies/new.html.haml within layouts/application (9.4ms)
Completed 200 OK in 16ms (Views: 16.3ms | ActiveRecord: 0.0ms)


Started POST "/movies" for 173.219.167.170 at 2020-03-10 23:55:36 +0000
Processing by MoviesController#create as HTML
  Parameters: {"utf8"=>"✓", "authenticity_token"=>"6OYRP3CELmNZByp7jaHMQEss3Xgjc+xhEeHyFc4W7jJLfRwNoIs0Qh5ENXK2/mS+zOiKLgNDJNjvFaXNHc1VPA==", "movie"=>{"title"=>"ABC", "rating"=>"G", "release_date(1i)"=>"2018", "release_date(2i)"=>"3", "release_date(3i)"=>"10"}, "commit"=>"Save Changes"}
  [1m[35m (0.1ms)[0m  begin transaction
  [1m[36mSQL (0.2ms)[0m  [1mINSERT INTO "movies" ("title", "rating", "release_date", "created_at", "updated_at") VALUES (?, ?, ?, ?, ?)[0m  [["title", "ABC"], ["rating", "G"], ["release_date", "2018-03-10 00:00:00.000000"], ["created_at", "2020-03-10 23:55:36.908371"], ["updated_at", "2020-03-10 23:55:36.908371"]]
  [1m[35m (5.8ms)[0m  commit transaction
Redirected to https://2050ee6086924d7aa75299365d5f4b23.vfs.cloud9.us-east-2.amazonaws.com/movies
Completed 302 Found in 15ms (ActiveRecord: 6.2ms)


Started GET "/movies" for 173.219.167.170 at 2020-03-10 23:55:36 +0000
Processing by MoviesController#index as HTML
  [1m[36mMovie Load (0.2ms)[0m  [1mSELECT "movies".* FROM "movies" WHERE "movies"."rating" IN ('G', 'PG', 'PG-13', 'NC-17', 'R')[0m
  Rendered movies/index.html.haml within layouts/application (8.7ms)
Completed 500 Internal Server Error in 11ms (ActiveRecord: 0.2ms)

ActionView::Template::Error (undefined method `director' for #<Movie:0x00000003833e18>):
    24:         %td= movie.title
    25:         %td= movie.rating
    26:         %td= movie.release_date
    27:         %td= movie.director
    28:         %td= link_to "More about #{movie.title}", movie_path(movie)
    29: 
    30: = link_to 'Add new movie', new_movie_path
  app/views/movies/index.html.haml:27:in `block in _app_views_movies_index_html_haml___2133918768589410893_21204920'
  app/views/movies/index.html.haml:22:in `_app_views_movies_index_html_haml___2133918768589410893_21204920'


  Rendered /home/ec2-user/.rvm/gems/ruby-2.4.0/gems/actionpack-4.2.10/lib/action_dispatch/middleware/templates/rescues/_source.erb (15.2ms)
  Rendered /home/ec2-user/.rvm/gems/ruby-2.4.0/gems/actionpack-4.2.10/lib/action_dispatch/middleware/templates/rescues/_trace.html.erb (4.1ms)
  Rendered /home/ec2-user/.rvm/gems/ruby-2.4.0/gems/actionpack-4.2.10/lib/action_dispatch/middleware/templates/rescues/_request_and_response.html.erb (1.4ms)
  Rendered /home/ec2-user/.rvm/gems/ruby-2.4.0/gems/actionpack-4.2.10/lib/action_dispatch/middleware/templates/rescues/template_error.html.erb within rescues/layout (34.5ms)
  [1m[36mActiveRecord::SchemaMigration Load (0.1ms)[0m  [1mSELECT "schema_migrations".* FROM "schema_migrations"[0m
  [1m[35mActiveRecord::SchemaMigration Load (0.1ms)[0m  SELECT "schema_migrations".* FROM "schema_migrations"
  [1m[36m (6.3ms)[0m  [1mCREATE TABLE "movies" ("id" INTEGER PRIMARY KEY AUTOINCREMENT NOT NULL, "title" varchar, "rating" varchar, "description" text, "release_date" datetime, "created_at" datetime, "updated_at" datetime) [0m
  [1m[35m (5.9ms)[0m  CREATE TABLE "schema_migrations" ("version" varchar NOT NULL) 
  [1m[36m (0.1ms)[0m  [1mselect sqlite_version(*)[0m
  [1m[35m (5.6ms)[0m  CREATE UNIQUE INDEX "unique_schema_migrations" ON "schema_migrations" ("version")
  [1m[36m (0.1ms)[0m  [1mSELECT version FROM "schema_migrations"[0m
  [1m[35m (4.3ms)[0m  INSERT INTO "schema_migrations" (version) VALUES ('20200310232834')
  [1m[36m (4.4ms)[0m  [1mINSERT INTO "schema_migrations" (version) VALUES ('20111119180638')[0m


Started GET "/" for 173.219.167.170 at 2020-03-11 00:02:19 +0000


Started GET "/movies" for 173.219.167.170 at 2020-03-11 00:02:19 +0000
Processing by MoviesController#index as HTML
  [1m[36mMovie Load (0.2ms)[0m  [1mSELECT "movies".* FROM "movies" WHERE "movies"."rating" IN ('G', 'PG', 'PG-13', 'NC-17', 'R')[0m
  Rendered movies/index.html.haml within layouts/application (19.3ms)
Completed 500 Internal Server Error in 51ms (ActiveRecord: 1.4ms)

ActionView::Template::Error (undefined method `director' for #<Movie:0x007f19c488de90>):
    24:         %td= movie.title
    25:         %td= movie.rating
    26:         %td= movie.release_date
    27:         %td= movie.director
    28:         %td= link_to "More about #{movie.title}", movie_path(movie)
    29: 
    30: = link_to 'Add new movie', new_movie_path
  app/views/movies/index.html.haml:27:in `block in _app_views_movies_index_html_haml___1820063689409636623_69874323607120'
  app/views/movies/index.html.haml:22:in `_app_views_movies_index_html_haml___1820063689409636623_69874323607120'


  Rendered /home/ec2-user/.rvm/gems/ruby-2.4.0/gems/actionpack-4.2.10/lib/action_dispatch/middleware/templates/rescues/_source.erb (5.0ms)
  Rendered /home/ec2-user/.rvm/gems/ruby-2.4.0/gems/actionpack-4.2.10/lib/action_dispatch/middleware/templates/rescues/_trace.html.erb (2.1ms)
  Rendered /home/ec2-user/.rvm/gems/ruby-2.4.0/gems/actionpack-4.2.10/lib/action_dispatch/middleware/templates/rescues/_request_and_response.html.erb (0.7ms)
  Rendered /home/ec2-user/.rvm/gems/ruby-2.4.0/gems/actionpack-4.2.10/lib/action_dispatch/middleware/templates/rescues/template_error.html.erb within rescues/layout (20.0ms)


Started GET "/" for 173.219.167.170 at 2020-03-11 00:02:48 +0000


Started GET "/movies" for 173.219.167.170 at 2020-03-11 00:02:48 +0000
Processing by MoviesController#index as HTML
  [1m[36mMovie Load (0.1ms)[0m  [1mSELECT "movies".* FROM "movies" WHERE "movies"."rating" IN ('G', 'PG', 'PG-13', 'NC-17', 'R')[0m
  Rendered movies/index.html.haml within layouts/application (19.6ms)
Completed 500 Internal Server Error in 86ms (ActiveRecord: 1.4ms)

ActionView::Template::Error (undefined method `director' for #<Movie:0x00000004a0d2b0>):
    24:         %td= movie.title
    25:         %td= movie.rating
    26:         %td= movie.release_date
    27:         %td= movie.director
    28:         %td= link_to "More about #{movie.title}", movie_path(movie)
    29: 
    30: = link_to 'Add new movie', new_movie_path
  app/views/movies/index.html.haml:27:in `block in _app_views_movies_index_html_haml___4118720452931377694_69838654160780'
  app/views/movies/index.html.haml:22:in `_app_views_movies_index_html_haml___4118720452931377694_69838654160780'


  Rendered /home/ec2-user/.rvm/gems/ruby-2.4.0/gems/actionpack-4.2.10/lib/action_dispatch/middleware/templates/rescues/_source.erb (5.1ms)
  Rendered /home/ec2-user/.rvm/gems/ruby-2.4.0/gems/actionpack-4.2.10/lib/action_dispatch/middleware/templates/rescues/_trace.html.erb (2.5ms)
  Rendered /home/ec2-user/.rvm/gems/ruby-2.4.0/gems/actionpack-4.2.10/lib/action_dispatch/middleware/templates/rescues/_request_and_response.html.erb (0.9ms)
  Rendered /home/ec2-user/.rvm/gems/ruby-2.4.0/gems/actionpack-4.2.10/lib/action_dispatch/middleware/templates/rescues/template_error.html.erb within rescues/layout (21.2ms)
  [1m[36m (5.3ms)[0m  [1mCREATE TABLE "schema_migrations" ("version" varchar NOT NULL) [0m
  [1m[35m (0.1ms)[0m  select sqlite_version(*)
  [1m[36m (5.6ms)[0m  [1mCREATE UNIQUE INDEX "unique_schema_migrations" ON "schema_migrations" ("version")[0m
  [1m[35mActiveRecord::SchemaMigration Load (0.1ms)[0m  SELECT "schema_migrations".* FROM "schema_migrations"
Migrating to CreateMovies (20111119180638)
  [1m[36m (0.1ms)[0m  [1mbegin transaction[0m
DEPRECATION WARNING: `#timestamps` was called without specifying an option for `null`. In Rails 5, this behavior will change to `null: false`. You should manually specify `null: true` to prevent the behavior of your existing migrations from changing. (called from block in up at /home/ec2-user/environment/hw-acceptance-unit-test-cycle/rottenpotatoes/db/migrate/20111119180638_create_movies.rb:10)
  [1m[35m (0.4ms)[0m  CREATE TABLE "movies" ("id" INTEGER PRIMARY KEY AUTOINCREMENT NOT NULL, "title" varchar, "rating" varchar, "description" text, "release_date" datetime, "created_at" datetime, "updated_at" datetime) 
  [1m[36mSQL (0.1ms)[0m  [1mINSERT INTO "schema_migrations" ("version") VALUES (?)[0m  [["version", "20111119180638"]]
  [1m[35m (4.7ms)[0m  commit transaction
Migrating to AddDirectorToMovies (20200310232834)
  [1m[36m (0.0ms)[0m  [1mbegin transaction[0m
  [1m[35m (0.2ms)[0m  ALTER TABLE "movies" ADD "director" varchar
  [1m[36mSQL (0.1ms)[0m  [1mINSERT INTO "schema_migrations" ("version") VALUES (?)[0m  [["version", "20200310232834"]]
  [1m[35m (5.3ms)[0m  commit transaction
  [1m[36mActiveRecord::SchemaMigration Load (0.1ms)[0m  [1mSELECT "schema_migrations".* FROM "schema_migrations"[0m


Started GET "/" for 173.219.167.170 at 2020-03-11 00:06:16 +0000


Started GET "/movies" for 173.219.167.170 at 2020-03-11 00:06:16 +0000
Processing by MoviesController#index as HTML
  [1m[36mMovie Load (0.1ms)[0m  [1mSELECT "movies".* FROM "movies" WHERE "movies"."rating" IN ('G', 'PG', 'PG-13', 'NC-17', 'R')[0m
  Rendered movies/index.html.haml within layouts/application (23.6ms)
Completed 200 OK in 194ms (Views: 160.5ms | ActiveRecord: 1.9ms)


Started GET "/movies/new" for 173.219.167.170 at 2020-03-11 00:06:38 +0000
Processing by MoviesController#new as HTML
  Rendered movies/new.html.haml within layouts/application (8.6ms)
Completed 200 OK in 16ms (Views: 15.5ms | ActiveRecord: 0.0ms)


Started GET "/" for 173.219.167.170 at 2020-03-11 00:08:17 +0000


Started GET "/movies" for 173.219.167.170 at 2020-03-11 00:08:18 +0000
Processing by MoviesController#index as HTML
  [1m[36mMovie Load (0.1ms)[0m  [1mSELECT "movies".* FROM "movies" WHERE "movies"."rating" IN ('G', 'PG', 'PG-13', 'NC-17', 'R')[0m
  Rendered movies/index.html.haml within layouts/application (26.1ms)
Completed 200 OK in 206ms (Views: 162.1ms | ActiveRecord: 1.8ms)


Started GET "/movies/new" for 173.219.167.170 at 2020-03-11 00:08:20 +0000
Processing by MoviesController#new as HTML
  Rendered movies/new.html.haml within layouts/application (8.6ms)
Completed 200 OK in 16ms (Views: 15.5ms | ActiveRecord: 0.0ms)


Started POST "/movies" for 173.219.167.170 at 2020-03-11 00:08:27 +0000
Processing by MoviesController#create as HTML
  Parameters: {"utf8"=>"✓", "authenticity_token"=>"joOmU1BC8Zdo34XIalmCxzH+tAZXLbUAx6prgTyzk6YtGKthgE3rti+cmsFRBio5tjrjUHcdfbk5XjxZ72goqA==", "movie"=>{"title"=>"A", "rating"=>"G", "release_date(1i)"=>"2020", "release_date(2i)"=>"3", "release_date(3i)"=>"11", "director"=>"B"}, "commit"=>"Save Changes"}
  [1m[35m (0.0ms)[0m  begin transaction
  [1m[36mSQL (0.4ms)[0m  [1mINSERT INTO "movies" ("title", "rating", "director", "release_date", "created_at", "updated_at") VALUES (?, ?, ?, ?, ?, ?)[0m  [["title", "A"], ["rating", "G"], ["director", "B"], ["release_date", "2020-03-11 00:00:00.000000"], ["created_at", "2020-03-11 00:08:27.344797"], ["updated_at", "2020-03-11 00:08:27.344797"]]
  [1m[35m (5.7ms)[0m  commit transaction
Redirected to https://2050ee6086924d7aa75299365d5f4b23.vfs.cloud9.us-east-2.amazonaws.com/movies
Completed 302 Found in 16ms (ActiveRecord: 6.2ms)


Started GET "/movies" for 173.219.167.170 at 2020-03-11 00:08:27 +0000
Processing by MoviesController#index as HTML
  [1m[36mMovie Load (0.2ms)[0m  [1mSELECT "movies".* FROM "movies" WHERE "movies"."rating" IN ('G', 'PG', 'PG-13', 'NC-17', 'R')[0m
  Rendered movies/index.html.haml within layouts/application (2.8ms)
Completed 200 OK in 11ms (Views: 9.7ms | ActiveRecord: 0.2ms)


Started GET "/movies/new" for 173.219.167.170 at 2020-03-11 00:08:34 +0000
Processing by MoviesController#new as HTML
  Rendered movies/new.html.haml within layouts/application (2.5ms)
Completed 200 OK in 11ms (Views: 11.2ms | ActiveRecord: 0.0ms)


Started POST "/movies" for 173.219.167.170 at 2020-03-11 00:08:58 +0000
Processing by MoviesController#create as HTML
  Parameters: {"utf8"=>"✓", "authenticity_token"=>"AfqEMKraY9BDLptqBAvRYrJGJZGPEGtWb7ny9OMUu82iYYkCetV58QRthGM/VHmcNYJyx68go++RTaUsMM8Aww==", "movie"=>{"title"=>"Parasite", "rating"=>"PG-13", "release_date(1i)"=>"2019", "release_date(2i)"=>"3", "release_date(3i)"=>"11", "director"=>"Bong Joon Ho"}, "commit"=>"Save Changes"}
  [1m[35m (0.1ms)[0m  begin transaction
  [1m[36mSQL (0.3ms)[0m  [1mINSERT INTO "movies" ("title", "rating", "director", "release_date", "created_at", "updated_at") VALUES (?, ?, ?, ?, ?, ?)[0m  [["title", "Parasite"], ["rating", "PG-13"], ["director", "Bong Joon Ho"], ["release_date", "2019-03-11 00:00:00.000000"], ["created_at", "2020-03-11 00:08:58.555115"], ["updated_at", "2020-03-11 00:08:58.555115"]]
  [1m[35m (4.4ms)[0m  commit transaction
Redirected to https://2050ee6086924d7aa75299365d5f4b23.vfs.cloud9.us-east-2.amazonaws.com/movies
Completed 302 Found in 8ms (ActiveRecord: 4.8ms)


Started GET "/movies" for 173.219.167.170 at 2020-03-11 00:08:58 +0000
Processing by MoviesController#index as HTML
  [1m[36mMovie Load (0.2ms)[0m  [1mSELECT "movies".* FROM "movies" WHERE "movies"."rating" IN ('G', 'PG', 'PG-13', 'NC-17', 'R')[0m
  Rendered movies/index.html.haml within layouts/application (2.4ms)
Completed 200 OK in 10ms (Views: 9.1ms | ActiveRecord: 0.2ms)


Started GET "/movies/new" for 173.219.167.170 at 2020-03-11 00:09:04 +0000
Processing by MoviesController#new as HTML
  Rendered movies/new.html.haml within layouts/application (2.5ms)
Completed 200 OK in 9ms (Views: 9.2ms | ActiveRecord: 0.0ms)


Started POST "/movies" for 173.219.167.170 at 2020-03-11 00:09:12 +0000
Processing by MoviesController#create as HTML
  Parameters: {"utf8"=>"✓", "authenticity_token"=>"Uk0kuZTWEd7M2FAUChFNS5oqm4Z/lXPyOJSusLWXcoHx1imLRNkL/4ubTx0xTuW1He7M0F+lu0vGYPloZkzJjw==", "movie"=>{"title"=>"C", "rating"=>"G", "release_date(1i)"=>"2020", "release_date(2i)"=>"3", "release_date(3i)"=>"11", "director"=>"B"}, "commit"=>"Save Changes"}
  [1m[35m (0.1ms)[0m  begin transaction
  [1m[36mSQL (0.3ms)[0m  [1mINSERT INTO "movies" ("title", "rating", "director", "release_date", "created_at", "updated_at") VALUES (?, ?, ?, ?, ?, ?)[0m  [["title", "C"], ["rating", "G"], ["director", "B"], ["release_date", "2020-03-11 00:00:00.000000"], ["created_at", "2020-03-11 00:09:12.884809"], ["updated_at", "2020-03-11 00:09:12.884809"]]
  [1m[35m (5.2ms)[0m  commit transaction
Redirected to https://2050ee6086924d7aa75299365d5f4b23.vfs.cloud9.us-east-2.amazonaws.com/movies
Completed 302 Found in 9ms (ActiveRecord: 5.6ms)


Started GET "/movies" for 173.219.167.170 at 2020-03-11 00:09:12 +0000
Processing by MoviesController#index as HTML
  [1m[36mMovie Load (0.2ms)[0m  [1mSELECT "movies".* FROM "movies" WHERE "movies"."rating" IN ('G', 'PG', 'PG-13', 'NC-17', 'R')[0m
  Rendered movies/index.html.haml within layouts/application (2.5ms)
Completed 200 OK in 10ms (Views: 9.2ms | ActiveRecord: 0.2ms)


Started GET "/movies/1" for 173.219.167.170 at 2020-03-11 00:09:20 +0000
Processing by MoviesController#show as HTML
  Parameters: {"id"=>"1"}
  [1m[35mMovie Load (0.2ms)[0m  SELECT  "movies".* FROM "movies" WHERE "movies"."id" = ? LIMIT 1  [["id", 1]]
  Rendered movies/show.html.haml within layouts/application (2.6ms)
Completed 200 OK in 12ms (Views: 9.4ms | ActiveRecord: 0.2ms)


Started GET "/movies/1/similar" for 173.219.167.170 at 2020-03-11 00:09:25 +0000
Processing by MoviesController#similar as HTML
  Parameters: {"id"=>"1"}
  [1m[36mMovie Load (0.1ms)[0m  [1mSELECT  "movies".* FROM "movies" WHERE "movies"."id" = ? LIMIT 1[0m  [["id", 1]]
  [1m[35mMovie Load (0.2ms)[0m  SELECT "movies".* FROM "movies" WHERE "movies"."director" = ?  [["director", "B"]]
  Rendered movies/similar.html.haml within layouts/application (3.1ms)
Completed 200 OK in 11ms (Views: 10.0ms | ActiveRecord: 0.3ms)


Started GET "/movies/new" for 173.219.167.170 at 2020-03-11 00:12:59 +0000
Processing by MoviesController#new as HTML
  Rendered movies/new.html.haml within layouts/application (2.4ms)
Completed 200 OK in 25ms (Views: 24.5ms | ActiveRecord: 0.0ms)


Started POST "/movies" for 173.219.167.170 at 2020-03-11 00:13:07 +0000
Processing by MoviesController#create as HTML
  Parameters: {"utf8"=>"✓", "authenticity_token"=>"VgInbJr2UQAaRmAavijrjgB2oaPnFoMXlOQJSwuwr2f1mSpeSvlLIV0FfxOFd0Nwh7L29ccmS65qEF6T2GsUaQ==", "movie"=>{"title"=>"Test", "rating"=>"G", "release_date(1i)"=>"2020", "release_date(2i)"=>"3", "release_date(3i)"=>"11", "director"=>""}, "commit"=>"Save Changes"}
  [1m[36m (0.1ms)[0m  [1mbegin transaction[0m
  [1m[35mSQL (0.3ms)[0m  INSERT INTO "movies" ("title", "rating", "director", "release_date", "created_at", "updated_at") VALUES (?, ?, ?, ?, ?, ?)  [["title", "Test"], ["rating", "G"], ["director", ""], ["release_date", "2020-03-11 00:00:00.000000"], ["created_at", "2020-03-11 00:13:07.248228"], ["updated_at", "2020-03-11 00:13:07.248228"]]
  [1m[36m (5.6ms)[0m  [1mcommit transaction[0m
Redirected to https://2050ee6086924d7aa75299365d5f4b23.vfs.cloud9.us-east-2.amazonaws.com/movies
Completed 302 Found in 10ms (ActiveRecord: 6.0ms)


Started GET "/movies" for 173.219.167.170 at 2020-03-11 00:13:07 +0000
Processing by MoviesController#index as HTML
  [1m[35mMovie Load (0.2ms)[0m  SELECT "movies".* FROM "movies" WHERE "movies"."rating" IN ('G', 'PG', 'PG-13', 'NC-17', 'R')
  Rendered movies/index.html.haml within layouts/application (2.7ms)
Completed 200 OK in 10ms (Views: 9.6ms | ActiveRecord: 0.2ms)


Started GET "/movies/4" for 173.219.167.170 at 2020-03-11 00:13:12 +0000
Processing by MoviesController#show as HTML
  Parameters: {"id"=>"4"}
  [1m[36mMovie Load (0.1ms)[0m  [1mSELECT  "movies".* FROM "movies" WHERE "movies"."id" = ? LIMIT 1[0m  [["id", 4]]
  Rendered movies/show.html.haml within layouts/application (1.0ms)
Completed 200 OK in 9ms (Views: 8.0ms | ActiveRecord: 0.1ms)


Started GET "/movies/4/similar" for 173.219.167.170 at 2020-03-11 00:13:16 +0000
Processing by MoviesController#similar as HTML
  Parameters: {"id"=>"4"}
  [1m[35mMovie Load (0.1ms)[0m  SELECT  "movies".* FROM "movies" WHERE "movies"."id" = ? LIMIT 1  [["id", 4]]
Redirected to https://2050ee6086924d7aa75299365d5f4b23.vfs.cloud9.us-east-2.amazonaws.com/movies
Completed 302 Found in 2ms (ActiveRecord: 0.1ms)


Started GET "/movies" for 173.219.167.170 at 2020-03-11 00:13:16 +0000
Processing by MoviesController#index as HTML
  [1m[36mMovie Load (0.2ms)[0m  [1mSELECT "movies".* FROM "movies" WHERE "movies"."rating" IN ('G', 'PG', 'PG-13', 'NC-17', 'R')[0m
  Rendered movies/index.html.haml within layouts/application (2.7ms)
Completed 200 OK in 10ms (Views: 9.4ms | ActiveRecord: 0.2ms)
